#
# There is insufficient memory for the Java Runtime Environment to continue.
# Native memory allocation (mmap) failed to map 266338304 bytes. Error detail: G1 virtual space
# Possible reasons:
#   The system is out of physical RAM or swap space
#   This process is running with CompressedOops enabled, and the Java Heap may be blocking the growth of the native heap
# Possible solutions:
#   Reduce memory load on the system
#   Increase physical memory or swap space
#   Check if swap backing store is full
#   Decrease Java heap size (-Xmx/-Xms)
#   Decrease number of Java threads
#   Decrease Java thread stack sizes (-Xss)
#   Set larger code cache with -XX:ReservedCodeCacheSize=
#   JVM is running with Zero Based Compressed Oops mode in which the Java heap is
#     placed in the first 32GB address space. The Java Heap base address is the
#     maximum limit for the native heap growth. Please use -XX:HeapBaseMinAddress
#     to set the Java Heap base and to place the Java Heap above 32GB virtual address.
# This output file may be truncated or incomplete.
#
#  Out of Memory Error (os_windows.cpp:3898), pid=14804, tid=2032
#
# JRE version:  (21.0.7) (build )
# Java VM: OpenJDK 64-Bit Server VM (21.0.7+-13880790-b1038.58, mixed mode, sharing, tiered, compressed oops, compressed class ptrs, g1 gc, windows-amd64)
# No core dump will be written. Minidumps are not enabled by default on client versions of Windows
#

---------------  S U M M A R Y ------------

Command Line: -Dorg.gradle.appname=gradlew org.gradle.wrapper.GradleWrapperMain -q -Ptarget-platform=android-x64 -Ptarget=C:\Users\nguye\StudioProjects\demo\lib\main.dart -Pbase-application-name=android.app.Application -Pdart-defines=Zmx1dHRlci5pbnNwZWN0b3Iuc3RydWN0dXJlZEVycm9ycz10cnVl,RkxVVFRFUl9WRVJTSU9OPTMuMzUuMw==,RkxVVFRFUl9DSEFOTkVMPXN0YWJsZQ==,RkxVVFRFUl9HSVRfVVJMPWh0dHBzOi8vZ2l0aHViLmNvbS9mbHV0dGVyL2ZsdXR0ZXIuZ2l0,RkxVVFRFUl9GUkFNRVdPUktfUkVWSVNJT049YTQwMmQ5YTQzNw==,RkxVVFRFUl9FTkdJTkVfUkVWSVNJT049ZGRmNDdkZDNmZg==,RkxVVFRFUl9EQVJUX1ZFUlNJT049My45LjI= -Pdart-obfuscation=false -Ptrack-widget-creation=true -Ptree-shake-icons=false -Pfilesystem-scheme=org-dartlang-root assembleDebug

Host: Intel(R) Core(TM) i5-10300H CPU @ 2.50GHz, 8 cores, 15G,  Windows 11 , 64 bit Build 22621 (10.0.22621.5415)
Time: Thu Sep 18 12:45:15 2025 SE Asia Standard Time elapsed time: 0.013914 seconds (0d 0h 0m 0s)

---------------  T H R E A D  ---------------

Current thread (0x000001992240eb80):  JavaThread "Unknown thread" [_thread_in_vm, id=2032, stack(0x00000039d3500000,0x00000039d3600000) (1024K)]

Stack: [0x00000039d3500000,0x00000039d3600000]
Native frames: (J=compiled Java code, j=interpreted, Vv=VM code, C=native code)
V  [jvm.dll+0x6d25c9]
V  [jvm.dll+0x860923]
V  [jvm.dll+0x862e7e]
V  [jvm.dll+0x863563]
V  [jvm.dll+0x27f156]
V  [jvm.dll+0x6ceee5]
V  [jvm.dll+0x6c29aa]
V  [jvm.dll+0x355ebb]
V  [jvm.dll+0x35db16]
V  [jvm.dll+0x3afb16]
V  [jvm.dll+0x3afde8]
V  [jvm.dll+0x32855c]
V  [jvm.dll+0x32924b]
V  [jvm.dll+0x828379]
V  [jvm.dll+0x3bcce8]
V  [jvm.dll+0x811628]
V  [jvm.dll+0x45121e]
V  [jvm.dll+0x452981]
C  [jli.dll+0x52ab]
C  [ucrtbase.dll+0x29333]
C  [KERNEL32.DLL+0x1259d]
C  [ntdll.dll+0x5af78]


---------------  P R O C E S S  ---------------

Threads class SMR info:
_java_thread_list=0x00007ff86a164888, length=0, elements={
}

Java Threads: ( => current thread )
Total: 0

Other Threads:
  0x00000199247b1a50 WorkerThread "GC Thread#0"                     [id=5500, stack(0x00000039d3600000,0x00000039d3700000) (1024K)]
  0x0000019924803010 ConcurrentGCThread "G1 Main Marker"            [id=14872, stack(0x00000039d3700000,0x00000039d3800000) (1024K)]
  0x0000019924803b10 WorkerThread "G1 Conc#0"                       [id=14744, stack(0x00000039d3800000,0x00000039d3900000) (1024K)]

[error occurred during error reporting (printing all threads), id 0xc0000005, EXCEPTION_ACCESS_VIOLATION (0xc0000005) at pc=0x00007ff86995b5b7]
VM state: not at safepoint (not fully initialized)

VM Mutex/Monitor currently owned by a thread:  ([mutex/lock_event])
[0x00007ff86a1d1568] Heap_lock - owner thread: 0x000001992240eb80

Heap address: 0x0000000702800000, size: 4056 MB, Compressed Oops mode: Zero based, Oop shift amount: 3

CDS archive(s) mapped at: [0x0000000000000000-0x0000000000000000-0x0000000000000000), size 0, SharedBaseAddress: 0x0000000800000000, ArchiveRelocationMode: 1.
Narrow klass base: 0x0000000000000000, Narrow klass shift: 0, Narrow klass range: 0x0

GC Precious Log:
 CardTable entry size: 512
 Card Set container configuration: InlinePtr #cards 4 size 8 Array Of Cards #cards 16 size 48 Howl #buckets 8 coarsen threshold 3686 Howl Bitmap #cards 512 size 80 coarsen threshold 460 Card regions per heap region 1 cards per card region 4096

Heap:
 garbage-first heap   total 0K, used 0K [0x0000000702800000, 0x0000000800000000)
  region size 2048K, 0 young (0K), 0 survivors (0K)
 Metaspace       used 0K, committed 0K, reserved 0K
  class space    used 0K, committed 0K, reserved 0K

Heap Regions: E=young(eden), S=young(survivor), O=old, HS=humongous(starts), HC=humongous(continues), CS=collection set, F=free, TAMS=top-at-mark-start, PB=parsable bottom

Card table byte_map: [0x00000199373c0000,0x0000019937bb0000] _byte_map_base: 0x0000019933bac000

Marking Bits: (CMBitMap*) 0x00000199247b2150
 Bits: [0x0000019937bb0000, 0x000001993bb10000)

GC Heap History (0 events):
No events

Dll operation events (1 events):
Event: 0.010 Loaded shared library D:\AndroidStudio\jbr\bin\java.dll

Deoptimization events (0 events):
No events

Classes loaded (0 events):
No events

Classes unloaded (0 events):
No events

Classes redefined (0 events):
No events

Internal exceptions (0 events):
No events

ZGC Phase Switch (0 events):
No events

VM Operations (0 events):
No events

Memory protections (0 events):
No events

Nmethod flushes (0 events):
No events

Events (0 events):
No events


Dynamic libraries:
0x00007ff6d6110000 - 0x00007ff6d611a000 	D:\AndroidStudio\jbr\bin\java.exe
0x00007ff8c11b0000 - 0x00007ff8c13c7000 	C:\WINDOWS\SYSTEM32\ntdll.dll
0x00007ff8bf680000 - 0x00007ff8bf744000 	C:\WINDOWS\System32\KERNEL32.DLL
0x00007ff8be490000 - 0x00007ff8be860000 	C:\WINDOWS\System32\KERNELBASE.dll
0x00007ff8be920000 - 0x00007ff8bea31000 	C:\WINDOWS\System32\ucrtbase.dll
0x00007ff8aada0000 - 0x00007ff8aadb8000 	D:\AndroidStudio\jbr\bin\jli.dll
0x00007ff8c0fb0000 - 0x00007ff8c1161000 	C:\WINDOWS\System32\USER32.dll
0x00007ff8bea40000 - 0x00007ff8bea66000 	C:\WINDOWS\System32\win32u.dll
0x00007ff8bee40000 - 0x00007ff8bee69000 	C:\WINDOWS\System32\GDI32.dll
0x00007ff8bed10000 - 0x00007ff8bee33000 	C:\WINDOWS\System32\gdi32full.dll
0x00007ff8be2b0000 - 0x00007ff8be34a000 	C:\WINDOWS\System32\msvcp_win.dll
0x00007ff8a6b10000 - 0x00007ff8a6dac000 	C:\WINDOWS\WinSxS\amd64_microsoft.windows.common-controls_6595b64144ccf1df_6.0.22621.5840_none_2710ea077384a4fe\COMCTL32.dll
0x00007ff8bf5d0000 - 0x00007ff8bf677000 	C:\WINDOWS\System32\msvcrt.dll
0x00007ff8a7640000 - 0x00007ff8a765b000 	D:\AndroidStudio\jbr\bin\VCRUNTIME140.dll
0x00007ff8bf0b0000 - 0x00007ff8bf0e1000 	C:\WINDOWS\System32\IMM32.DLL
0x00007ff8b9c10000 - 0x00007ff8b9c1c000 	D:\AndroidStudio\jbr\bin\vcruntime140_1.dll
0x00007ff86a740000 - 0x00007ff86a7cd000 	D:\AndroidStudio\jbr\bin\msvcp140.dll
0x00007ff869620000 - 0x00007ff86a2ae000 	D:\AndroidStudio\jbr\bin\server\jvm.dll
0x00007ff8c0e50000 - 0x00007ff8c0f01000 	C:\WINDOWS\System32\ADVAPI32.dll
0x00007ff8bee70000 - 0x00007ff8bef18000 	C:\WINDOWS\System32\sechost.dll
0x00007ff8bece0000 - 0x00007ff8bed08000 	C:\WINDOWS\System32\bcrypt.dll
0x00007ff8bf4b0000 - 0x00007ff8bf5c8000 	C:\WINDOWS\System32\RPCRT4.dll
0x00007ff8c0f30000 - 0x00007ff8c0fa1000 	C:\WINDOWS\System32\WS2_32.dll
0x00007ff8bd0d0000 - 0x00007ff8bd11d000 	C:\WINDOWS\SYSTEM32\POWRPROF.dll
0x00007ff8b6510000 - 0x00007ff8b6544000 	C:\WINDOWS\SYSTEM32\WINMM.dll
0x00007ff8b94c0000 - 0x00007ff8b94ca000 	C:\WINDOWS\SYSTEM32\VERSION.dll
0x00007ff8bd0b0000 - 0x00007ff8bd0c3000 	C:\WINDOWS\SYSTEM32\UMPDC.dll
0x00007ff8bd370000 - 0x00007ff8bd388000 	C:\WINDOWS\SYSTEM32\kernel.appcore.dll
0x00007ff8b9010000 - 0x00007ff8b901a000 	D:\AndroidStudio\jbr\bin\jimage.dll
0x00007ff8bb7f0000 - 0x00007ff8bba23000 	C:\WINDOWS\SYSTEM32\DBGHELP.DLL
0x00007ff8bf7c0000 - 0x00007ff8bfb51000 	C:\WINDOWS\System32\combase.dll
0x00007ff8bf150000 - 0x00007ff8bf228000 	C:\WINDOWS\System32\OLEAUT32.dll
0x00007ff89c520000 - 0x00007ff89c552000 	C:\WINDOWS\SYSTEM32\dbgcore.DLL
0x00007ff8bea70000 - 0x00007ff8beaeb000 	C:\WINDOWS\System32\bcryptPrimitives.dll
0x00007ff8a7670000 - 0x00007ff8a7690000 	D:\AndroidStudio\jbr\bin\java.dll

dbghelp: loaded successfully - version: 4.0.5 - missing functions: none
symbol engine: initialized successfully - sym options: 0x614 - pdb path: .;D:\AndroidStudio\jbr\bin;C:\WINDOWS\SYSTEM32;C:\WINDOWS\WinSxS\amd64_microsoft.windows.common-controls_6595b64144ccf1df_6.0.22621.5840_none_2710ea077384a4fe;D:\AndroidStudio\jbr\bin\server

VM Arguments:
jvm_args: -Dorg.gradle.appname=gradlew 
java_command: org.gradle.wrapper.GradleWrapperMain -q -Ptarget-platform=android-x64 -Ptarget=C:\Users\nguye\StudioProjects\demo\lib\main.dart -Pbase-application-name=android.app.Application -Pdart-defines=Zmx1dHRlci5pbnNwZWN0b3Iuc3RydWN0dXJlZEVycm9ycz10cnVl,RkxVVFRFUl9WRVJTSU9OPTMuMzUuMw==,RkxVVFRFUl9DSEFOTkVMPXN0YWJsZQ==,RkxVVFRFUl9HSVRfVVJMPWh0dHBzOi8vZ2l0aHViLmNvbS9mbHV0dGVyL2ZsdXR0ZXIuZ2l0,RkxVVFRFUl9GUkFNRVdPUktfUkVWSVNJT049YTQwMmQ5YTQzNw==,RkxVVFRFUl9FTkdJTkVfUkVWSVNJT049ZGRmNDdkZDNmZg==,RkxVVFRFUl9EQVJUX1ZFUlNJT049My45LjI= -Pdart-obfuscation=false -Ptrack-widget-creation=true -Ptree-shake-icons=false -Pfilesystem-scheme=org-dartlang-root assembleDebug
java_class_path (initial): C:\Users\nguye\StudioProjects\demo\android\\gradle\wrapper\gradle-wrapper.jar
Launcher Type: SUN_STANDARD

[Global flags]
     intx CICompilerCount                          = 4                                         {product} {ergonomic}
     uint ConcGCThreads                            = 2                                         {product} {ergonomic}
     uint G1ConcRefinementThreads                  = 8                                         {product} {ergonomic}
   size_t G1HeapRegionSize                         = 2097152                                   {product} {ergonomic}
    uintx GCDrainStackTargetSize                   = 64                                        {product} {ergonomic}
   size_t InitialHeapSize                          = 266338304                                 {product} {ergonomic}
   size_t MarkStackSize                            = 4194304                                   {product} {ergonomic}
   size_t MaxHeapSize                              = 4253024256                                {product} {ergonomic}
   size_t MinHeapDeltaBytes                        = 2097152                                   {product} {ergonomic}
   size_t MinHeapSize                              = 8388608                                   {product} {ergonomic}
    uintx NonNMethodCodeHeapSize                   = 5839372                                {pd product} {ergonomic}
    uintx NonProfiledCodeHeapSize                  = 122909434                              {pd product} {ergonomic}
    uintx ProfiledCodeHeapSize                     = 122909434                              {pd product} {ergonomic}
    uintx ReservedCodeCacheSize                    = 251658240                              {pd product} {ergonomic}
     bool SegmentedCodeCache                       = true                                      {product} {ergonomic}
   size_t SoftMaxHeapSize                          = 4253024256                             {manageable} {ergonomic}
     bool UseCompressedOops                        = true                           {product lp64_product} {ergonomic}
     bool UseG1GC                                  = true                                      {product} {ergonomic}
     bool UseLargePagesIndividualAllocation        = false                                  {pd product} {ergonomic}

Logging:
Log output configuration:
 #0: stdout all=warning uptime,level,tags foldmultilines=false
 #1: stderr all=off uptime,level,tags foldmultilines=false

Environment Variables:
JAVA_HOME=D:\AndroidStudio\jbr
CLASSPATH=C:\Users\nguye\StudioProjects\demo\android\\gradle\wrapper\gradle-wrapper.jar
PATH=D:\AndroidStudio\jbr\bin;C:\Program Files\Common Files\Oracle\Java\javapath;C:\WINDOWS\system32;C:\WINDOWS;C:\WINDOWS\System32\Wbem;C:\WINDOWS\System32\WindowsPowerShell\v1.0\;C:\WINDOWS\System32\OpenSSH\;C:\Program Files\Git\cmd;C:\Program Files\NVIDIA Corporation\NVIDIA App\NvDLISR;C:\Program Files (x86)\NVIDIA Corporation\PhysX\Common;C:\Users\nguye\AppData\Local\Microsoft\WindowsApps;D:\cursor\resources\app\bin;D:\flutter\flutter\bin\mingit\cmd
USERNAME=nguye
OS=Windows_NT
PROCESSOR_IDENTIFIER=Intel64 Family 6 Model 165 Stepping 2, GenuineIntel
TMP=C:\Users\nguye\AppData\Local\Temp
TEMP=C:\Users\nguye\AppData\Local\Temp




Periodic native trim disabled

JNI global refs:
JNI global refs: 0, weak refs: 0

JNI global refs memory usage: 0, weak refs: 0

Process memory usage:
Resident Set Size: 11756K (0% of 16610208K total physical memory with 135420K free physical memory)

OOME stack traces (most recent first):
Classloader memory used:

---------------  S Y S T E M  ---------------

OS:
 Windows 11 , 64 bit Build 22621 (10.0.22621.5415)
OS uptime: 0 days 3:40 hours

CPU: total 8 (initial active 8) (4 cores per cpu, 2 threads per core) family 6 model 165 stepping 2 microcode 0xe0, cx8, cmov, fxsr, ht, mmx, 3dnowpref, sse, sse2, sse3, ssse3, sse4.1, sse4.2, popcnt, lzcnt, tsc, tscinvbit, avx, avx2, aes, erms, clmul, bmi1, bmi2, adx, fma, vzeroupper, clflush, clflushopt, rdtscp, f16c, pku
Processor Information for the first 8 processors :
  Max Mhz: 2496, Current Mhz: 2496, Mhz Limit: 2496

Memory: 4k page, system-wide physical 16220M (131M free)
TotalPageFile size 34868M (AvailPageFile size 152M)
current process WorkingSet (physical memory assigned to process): 11M, peak: 11M
current process commit charge ("private bytes"): 60M, peak: 314M

vm_info: OpenJDK 64-Bit Server VM (21.0.7+-13880790-b1038.58) for windows-amd64 JRE (21.0.7+-13880790-b1038.58), built on 2025-08-04T20:56:21Z by "builder" with MS VC++ 16.10 / 16.11 (VS2019)

END.
